<?xml version="1.0" encoding="UTF-8"?>
<!-- Generated by org.testng.reporters.JUnitReportReporter -->
<testsuite skipped="0" hostname="INPUF5ZW7H2" name="com.capco.ProviderDemo" tests="3" failures="0" timestamp="2020-11-11T17:24:09 IST" time="100.043" errors="0">
  <testcase name="read" time="32.688" classname="com.capco.ProviderDemo"/>
  <system-out/>
  <testcase name="read" time="29.527" classname="com.capco.ProviderDemo"/>
  <system-out/>
  <testcase name="read" time="37.828" classname="com.capco.ProviderDemo"/>
  <system-out/>
</testsuite> <!-- com.capco.ProviderDemo -->
